<?xml version="1.0" encoding="UTF-8"?>
<!-- Generated by org.testng.reporters.JUnitReportReporter -->
<testsuite hostname="DESKTOP-KF60RUM" failures="0" tests="1" name="com.crm.Organization.CreateOrganizationTest" time="21.689" errors="0" timestamp="2022-10-13T01:06:24 IST" skipped="0">
  <testcase classname="com.crm.Organization.CreateOrganizationTest" name="createOrganisationTest" time="21.689"/>
  <system-out/>
</testsuite> <!-- com.crm.Organization.CreateOrganizationTest -->
