<?xml version="1.0" encoding="UTF-8"?>
<!-- Generated by org.testng.reporters.JUnitReportReporter -->
<testsuite hostname="DESKTOP-KF60RUM" failures="0" tests="1" name="com.crm.Campaign.DeleteCampaignTest" time="21.861" errors="0" timestamp="2022-10-12T23:53:46 IST" skipped="0">
  <testcase classname="com.crm.Campaign.DeleteCampaignTest" name="deleteCampaignTest" time="21.861"/>
  <system-out/>
</testsuite> <!-- com.crm.Campaign.DeleteCampaignTest -->
