<?xml version="1.0" encoding="UTF-8"?>
<!-- Generated by org.testng.reporters.JUnitReportReporter -->
<testsuite hostname="DESKTOP-KF60RUM" failures="0" tests="1" name="com.crm.Campaign.CreateCampaign" time="39.583" errors="0" timestamp="2022-10-04T12:06:01 IST" skipped="0">
  <testcase classname="com.crm.Campaign.CreateCampaign" name="createCampaign" time="39.583"/>
  <system-out/>
</testsuite> <!-- com.crm.Campaign.CreateCampaign -->
