<?xml version="1.0" encoding="UTF-8"?>
<!-- Generated by org.testng.reporters.JUnitReportReporter -->
<testsuite hostname="DESKTOP-KF60RUM" failures="0" tests="1" name="com.crm.Product.CreateProductTest" time="23.497" errors="0" timestamp="2022-10-13T01:07:09 IST" skipped="0">
  <testcase classname="com.crm.Product.CreateProductTest" name="createProductTest" time="23.497"/>
  <system-out/>
</testsuite> <!-- com.crm.Product.CreateProductTest -->
