<?xml version="1.0" encoding="UTF-8"?>
<!-- Generated by org.testng.reporters.JUnitReportReporter -->
<testsuite hostname="DESKTOP-KF60RUM" failures="0" tests="3" name="Practice.DataProviderTest1" time="48.062" errors="0" timestamp="2022-10-14T14:12:59 IST" skipped="0">
  <testcase classname="Practice.DataProviderTest1" name="moduleDetails" time="15.182"/>
  <system-out/>
  <testcase classname="Practice.DataProviderTest1" name="moduleDetails" time="17.087"/>
  <system-out/>
  <testcase classname="Practice.DataProviderTest1" name="moduleDetails" time="15.793"/>
  <system-out/>
</testsuite> <!-- Practice.DataProviderTest1 -->
