<?xml version="1.0" encoding="UTF-8"?>
<!-- Generated by org.testng.reporters.JUnitReportReporter -->
<testsuite hostname="DESKTOP-KF60RUM" failures="0" tests="1" name="com.crm.Campaign.CreateCampaignTest" time="28.615" errors="0" timestamp="2022-10-14T14:05:30 IST" skipped="0">
  <testcase classname="com.crm.Campaign.CreateCampaignTest" name="createCampaignTest" time="28.615"/>
  <system-out/>
</testsuite> <!-- com.crm.Campaign.CreateCampaignTest -->
