<?xml version="1.0" encoding="UTF-8"?>
<!-- Generated by org.testng.reporters.JUnitReportReporter -->
<testsuite hostname="DESKTOP-KF60RUM" failures="0" tests="2" name="com.crm.Organisation.CreateOrganisationTest" time="75.246" errors="0" timestamp="2022-10-07T13:22:36 IST" skipped="0">
  <testcase classname="com.crm.Organisation.CreateOrganisationTest" name="createOrganisation" time="47.473"/>
  <system-out/>
  <testcase classname="com.crm.Organisation.CreateOrganisationTest" name="modifyOrganisation" time="27.773"/>
  <system-out/>
</testsuite> <!-- com.crm.Organisation.CreateOrganisationTest -->
