<?xml version="1.0" encoding="UTF-8"?>
<!-- Generated by org.testng.reporters.JUnitReportReporter -->
<testsuite hostname="DESKTOP-KF60RUM" failures="0" tests="1" name="com.crm.Product.DeleteProductTest" time="25.183" errors="0" timestamp="2022-10-08T10:09:24 IST" skipped="0">
  <testcase classname="com.crm.Product.DeleteProductTest" name="deleteProduct" time="25.183"/>
  <system-out/>
</testsuite> <!-- com.crm.Product.DeleteProductTest -->
