<?xml version="1.0" encoding="UTF-8"?>
<!-- Generated by org.testng.reporters.JUnitReportReporter -->
<testsuite hostname="DESKTOP-KF60RUM" failures="0" tests="1" name="com.crm.Campaign.CreateCampaignWithProductTest" time="80.838" errors="0" timestamp="2022-10-13T11:17:34 IST" skipped="0">
  <testcase classname="com.crm.Campaign.CreateCampaignWithProductTest" name="createCampaignWithProductTest" time="80.838"/>
  <system-out/>
</testsuite> <!-- com.crm.Campaign.CreateCampaignWithProductTest -->
