<?xml version="1.0" encoding="UTF-8"?>
<!-- Generated by org.testng.reporters.JUnitReportReporter -->
<testsuite hostname="DESKTOP-KF60RUM" failures="0" tests="1" name="com.crm.Organization.DeleteOrganizationTest" time="37.005" errors="0" timestamp="2022-10-12T23:59:47 IST" skipped="0">
  <testcase classname="com.crm.Organization.DeleteOrganizationTest" name="deleteOrganisationTest" time="37.005"/>
  <system-out/>
</testsuite> <!-- com.crm.Organization.DeleteOrganizationTest -->
