<?xml version="1.0" encoding="UTF-8"?>
<!-- Generated by org.testng.reporters.JUnitReportReporter -->
<testsuite hostname="DESKTOP-KF60RUM" failures="0" tests="2" name="Practice.HardAssert" time="0.020" errors="0" timestamp="2022-10-14T14:03:53 IST" skipped="0">
  <testcase classname="Practice.HardAssert" name="createCustomerTest" time="0.017"/>
  <system-out/>
  <testcase classname="Practice.HardAssert" name="modifyCustomerTest" time="0.003"/>
  <system-out/>
</testsuite> <!-- Practice.HardAssert -->
