<?xml version="1.0" encoding="UTF-8"?>
<!-- Generated by org.testng.reporters.JUnitReportReporter -->
<testsuite hostname="DESKTOP-KF60RUM" failures="0" tests="1" name="com.crm.Organisation.CreateOrganisation" time="36.300" errors="0" timestamp="2022-10-04T11:49:29 IST" skipped="0">
  <testcase classname="com.crm.Organisation.CreateOrganisation" name="createOrganisation" time="36.300"/>
  <system-out/>
</testsuite> <!-- com.crm.Organisation.CreateOrganisation -->
