<?xml version="1.0" encoding="UTF-8"?>
<!-- Generated by org.testng.reporters.JUnitReportReporter -->
<testsuite hostname="DESKTOP-KF60RUM" failures="0" tests="5" name="Practice.DataProviderTest" time="0.026" errors="0" timestamp="2022-10-14T14:03:22 IST" skipped="0">
  <testcase classname="Practice.DataProviderTest" name="bookTicket" time="0.003"/>
  <system-out/>
  <testcase classname="Practice.DataProviderTest" name="bookTicket" time="0.012"/>
  <system-out/>
  <testcase classname="Practice.DataProviderTest" name="bookTicket" time="0.004"/>
  <system-out/>
  <testcase classname="Practice.DataProviderTest" name="bookTicket" time="0.004"/>
  <system-out/>
  <testcase classname="Practice.DataProviderTest" name="bookTicket" time="0.003"/>
  <system-out/>
</testsuite> <!-- Practice.DataProviderTest -->
